<?xml version="1.0" encoding="UTF-8"?>
<testsuite xmlns:xsi="http://www.w3.org/2001/XMLSchema-instance" xsi:noNamespaceSchemaLocation="https://maven.apache.org/surefire/maven-surefire-plugin/xsd/surefire-test-report-3.0.xsd" version="3.0" name="com.ada.desafio.DesafioApplicationTests" time="5.063" tests="1" errors="0" skipped="0" failures="0">
  <properties>
[...]
</properties>
  <testcase name="contextLoads" classname="com.ada.desafio.DesafioApplicationTests" time="0.635">
    <system-out><![CDATA[00:21:58.078 [main] INFO org.springframework.test.context.support.AnnotationConfigContextLoaderUtils -- Could not detect default configuration classes for test class [com.ada.desafio.DesafioApplicationTests]: DesafioApplicationTests does not declare any static, non-private, non-final, nested classes annotated with @Configuration.
00:21:58.228 [main] INFO org.springframework.boot.test.context.SpringBootTestContextBootstrapper -- Found @SpringBootConfiguration com.ada.desafio.DesafioApplication for test class com.ada.desafio.DesafioApplicationTests

  .   ____          _            __ _ _
 /\\ / ___'_ __ _ _(_)_ __  __ _ \ \ \ \
( ( )\___ | '_ | '_| | '_ \/ _` | \ \ \ \
 \\/  ___)| |_)| | | | | || (_| |  ) ) ) )
  '  |____| .__|_| |_|_| |_\__, | / / / /
 =========|_|==============|___/=/_/_/_/
 :: Spring Boot ::                (v3.1.3)

2023-09-21T00:21:58.713+01:00  INFO 54456 --- [           main] c.ada.desafio.DesafioApplicationTests    : Starting DesafioApplicationTests using Java 17.0.8.1 with PID 54456 (started by feliperosa in /Users/feliperosa/studies/ada-cielo/adaSala2/desafio-sala2/desafio)
2023-09-21T00:21:58.716+01:00  INFO 54456 --- [           main] c.ada.desafio.DesafioApplicationTests    : No active profile set, falling back to 1 default profile: "default"
2023-09-21T00:21:59.652+01:00  INFO 54456 --- [           main] .s.d.r.c.RepositoryConfigurationDelegate : Bootstrapping Spring Data JPA repositories in DEFAULT mode.
2023-09-21T00:21:59.685+01:00  INFO 54456 --- [           main] .s.d.r.c.RepositoryConfigurationDelegate : Finished Spring Data repository scanning in 26 ms. Found 0 JPA repository interfaces.
2023-09-21T00:22:00.395+01:00  INFO 54456 --- [           main] com.zaxxer.hikari.HikariDataSource       : HikariPool-1 - Starting...
2023-09-21T00:22:00.545+01:00  INFO 54456 --- [           main] com.zaxxer.hikari.pool.HikariPool        : HikariPool-1 - Added connection conn0: url=jdbc:h2:mem:0627f1b3-d8df-4f49-aed5-a70a360a5d2d user=SA
2023-09-21T00:22:00.547+01:00  INFO 54456 --- [           main] com.zaxxer.hikari.HikariDataSource       : HikariPool-1 - Start completed.
2023-09-21T00:22:00.657+01:00  INFO 54456 --- [           main] o.hibernate.jpa.internal.util.LogHelper  : HHH000204: Processing PersistenceUnitInfo [name: default]
2023-09-21T00:22:00.718+01:00  INFO 54456 --- [           main] org.hibernate.Version                    : HHH000412: Hibernate ORM core version 6.2.7.Final
2023-09-21T00:22:00.720+01:00  INFO 54456 --- [           main] org.hibernate.cfg.Environment            : HHH000406: Using bytecode reflection optimizer
2023-09-21T00:22:00.834+01:00  INFO 54456 --- [           main] o.h.b.i.BytecodeProviderInitiator        : HHH000021: Bytecode provider name : bytebuddy
2023-09-21T00:22:00.980+01:00  INFO 54456 --- [           main] o.s.o.j.p.SpringPersistenceUnitInfo      : No LoadTimeWeaver setup: ignoring JPA class transformer
2023-09-21T00:22:01.123+01:00  INFO 54456 --- [           main] o.h.b.i.BytecodeProviderInitiator        : HHH000021: Bytecode provider name : bytebuddy
2023-09-21T00:22:01.259+01:00  INFO 54456 --- [           main] o.h.e.t.j.p.i.JtaPlatformInitiator       : HHH000490: Using JtaPlatform implementation: [org.hibernate.engine.transaction.jta.platform.internal.NoJtaPlatform]
2023-09-21T00:22:01.264+01:00  INFO 54456 --- [           main] j.LocalContainerEntityManagerFactoryBean : Initialized JPA EntityManagerFactory for persistence unit 'default'
2023-09-21T00:22:01.537+01:00  WARN 54456 --- [           main] JpaBaseConfiguration$JpaWebConfiguration : spring.jpa.open-in-view is enabled by default. Therefore, database queries may be performed during view rendering. Explicitly configure spring.jpa.open-in-view to disable this warning
2023-09-21T00:22:02.275+01:00  INFO 54456 --- [           main] c.ada.desafio.DesafioApplicationTests    : Started DesafioApplicationTests in 3.877 seconds (process running for 5.066)
]]></system-out>
  </testcase>
</testsuite>